<?xml version="1.0" encoding="UTF-8"?>
<robot generator="Robot 7.3.2 (Python 3.12.3 on linux)" generated="2025-11-15T23:21:14.192467" rpa="false" schemaversion="5">
<suite id="s1" name="Tests" source="/home/iidak/palautusrepositorio/viikko3/login/src/tests">
<suite id="s1-s1" name="Home" source="/home/iidak/palautusrepositorio/viikko3/login/src/tests/home.robot">
<kw name="Open And Configure Browser" owner="resource" type="SETUP">
<if>
<branch type="IF" condition="$BROWSER == 'chrome'">
<kw name="Evaluate" owner="BuiltIn">
<msg time="2025-11-15T23:21:14.397626" level="INFO">${options} = &lt;selenium.webdriver.chrome.options.Options object at 0x7bd22ae66420&gt;</msg>
<var>${options}</var>
<arg>sys.modules['selenium.webdriver'].ChromeOptions()</arg>
<arg>sys</arg>
<doc>Evaluates the given expression in Python and returns the result.</doc>
<status status="PASS" start="2025-11-15T23:21:14.397365" elapsed="0.000298"/>
</kw>
<kw name="Call Method" owner="BuiltIn">
<arg>${options}</arg>
<arg>add_argument</arg>
<arg>--incognito</arg>
<doc>Calls the named method of the given object with the provided arguments.</doc>
<status status="PASS" start="2025-11-15T23:21:14.397804" elapsed="0.000125"/>
</kw>
<status status="PASS" start="2025-11-15T23:21:14.396622" elapsed="0.001355"/>
</branch>
<branch type="ELSE IF" condition="$BROWSER == 'firefox'">
<kw name="Evaluate" owner="BuiltIn">
<var>${options}</var>
<arg>sys.modules['selenium.webdriver'].FirefoxOptions()</arg>
<arg>sys</arg>
<doc>Evaluates the given expression in Python and returns the result.</doc>
<status status="NOT RUN" start="2025-11-15T23:21:14.398157" elapsed="0.000038"/>
</kw>
<kw name="Call Method" owner="BuiltIn">
<arg>${options}</arg>
<arg>add_argument</arg>
<arg>--private-window</arg>
<doc>Calls the named method of the given object with the provided arguments.</doc>
<status status="NOT RUN" start="2025-11-15T23:21:14.398291" elapsed="0.000021"/>
</kw>
<status status="NOT RUN" start="2025-11-15T23:21:14.398061" elapsed="0.000285"/>
</branch>
<status status="PASS" start="2025-11-15T23:21:14.396589" elapsed="0.001790"/>
</if>
<if>
<branch type="IF" condition="$HEADLESS == 'true'">
<kw name="Set Selenium Speed" owner="SeleniumLibrary">
<arg>0.05 seconds</arg>
<doc>Sets the delay that is waited after each Selenium command.</doc>
<status status="NOT RUN" start="2025-11-15T23:21:14.398676" elapsed="0.000032"/>
</kw>
<kw name="Call Method" owner="BuiltIn">
<arg>${options}</arg>
<arg>add_argument</arg>
<arg>--headless</arg>
<doc>Calls the named method of the given object with the provided arguments.</doc>
<status status="NOT RUN" start="2025-11-15T23:21:14.398798" elapsed="0.000177"/>
</kw>
<status status="NOT RUN" start="2025-11-15T23:21:14.398439" elapsed="0.000575"/>
</branch>
<branch type="ELSE">
<kw name="Set Selenium Speed" owner="SeleniumLibrary">
<arg>${DELAY}</arg>
<doc>Sets the delay that is waited after each Selenium command.</doc>
<status status="PASS" start="2025-11-15T23:21:14.399161" elapsed="0.000235"/>
</kw>
<status status="PASS" start="2025-11-15T23:21:14.399056" elapsed="0.000377"/>
</branch>
<status status="PASS" start="2025-11-15T23:21:14.398424" elapsed="0.001038"/>
</if>
<kw name="Open Browser" owner="SeleniumLibrary">
<msg time="2025-11-15T23:21:14.399826" level="INFO">Opening browser 'chrome' to base url 'None'.</msg>
<arg>browser=${BROWSER}</arg>
<arg>options=${options}</arg>
<doc>Opens a new browser instance to the optional ``url``.</doc>
<status status="PASS" start="2025-11-15T23:21:14.399571" elapsed="1.468717"/>
</kw>
<status status="PASS" start="2025-11-15T23:21:14.396352" elapsed="1.472388"/>
</kw>
<test id="s1-s1-t1" name="Click Login Link" line="8">
<kw name="Reset Application And Go To Starting Page" type="SETUP">
<kw name="Reset Application" owner="AppLibrary">
<status status="PASS" start="2025-11-15T23:21:15.870621" elapsed="0.010465"/>
</kw>
<kw name="Go To Starting Page" owner="resource">
<kw name="Go To" owner="SeleniumLibrary">
<msg time="2025-11-15T23:21:15.882183" level="INFO">Opening url 'http://localhost:5001'</msg>
<arg>${HOME_URL}</arg>
<doc>Navigates the current browser window to the provided ``url``.</doc>
<status status="PASS" start="2025-11-15T23:21:15.882021" elapsed="0.621981"/>
</kw>
<status status="PASS" start="2025-11-15T23:21:15.881564" elapsed="0.622600"/>
</kw>
<status status="PASS" start="2025-11-15T23:21:15.870190" elapsed="0.634038"/>
</kw>
<kw name="Click Link" owner="SeleniumLibrary">
<msg time="2025-11-15T23:21:16.505017" level="INFO">Clicking link 'Login'.</msg>
<arg>Login</arg>
<doc>Clicks a link identified by ``locator``.</doc>
<status status="PASS" start="2025-11-15T23:21:16.504574" elapsed="1.661415"/>
</kw>
<kw name="Login Page Should Be Open" owner="resource">
<kw name="Title Should Be" owner="SeleniumLibrary">
<msg time="2025-11-15T23:21:18.678335" level="INFO">Page title is 'Login'.</msg>
<arg>Login</arg>
<doc>Verifies that the current page title equals ``title``.</doc>
<status status="PASS" start="2025-11-15T23:21:18.166753" elapsed="0.511733"/>
</kw>
<status status="PASS" start="2025-11-15T23:21:18.166419" elapsed="0.512178"/>
</kw>
<status status="PASS" start="2025-11-15T23:21:15.868982" elapsed="2.809849"/>
</test>
<test id="s1-s1-t2" name="Click Register Link" line="12">
<kw name="Reset Application And Go To Starting Page" type="SETUP">
<kw name="Reset Application" owner="AppLibrary">
<status status="PASS" start="2025-11-15T23:21:18.679769" elapsed="0.002842"/>
</kw>
<kw name="Go To Starting Page" owner="resource">
<kw name="Go To" owner="SeleniumLibrary">
<msg time="2025-11-15T23:21:18.683078" level="INFO">Opening url 'http://localhost:5001'</msg>
<arg>${HOME_URL}</arg>
<doc>Navigates the current browser window to the provided ``url``.</doc>
<status status="PASS" start="2025-11-15T23:21:18.682977" elapsed="0.524168"/>
</kw>
<status status="PASS" start="2025-11-15T23:21:18.682784" elapsed="0.524557"/>
</kw>
<status status="PASS" start="2025-11-15T23:21:18.679523" elapsed="0.527916"/>
</kw>
<kw name="Click Link" owner="SeleniumLibrary">
<msg time="2025-11-15T23:21:19.208250" level="INFO">Clicking link 'Register new user'.</msg>
<arg>Register new user</arg>
<doc>Clicks a link identified by ``locator``.</doc>
<status status="PASS" start="2025-11-15T23:21:19.207907" elapsed="1.627493"/>
</kw>
<kw name="Register Page Should Be Open" owner="resource">
<kw name="Title Should Be" owner="SeleniumLibrary">
<msg time="2025-11-15T23:21:21.345193" level="INFO">Page title is 'Register'.</msg>
<arg>Register</arg>
<doc>Verifies that the current page title equals ``title``.</doc>
<status status="PASS" start="2025-11-15T23:21:20.836785" elapsed="0.508666"/>
</kw>
<status status="PASS" start="2025-11-15T23:21:20.836199" elapsed="0.509446"/>
</kw>
<status status="PASS" start="2025-11-15T23:21:18.679126" elapsed="2.666904"/>
</test>
<kw name="Close Browser" owner="SeleniumLibrary" type="TEARDOWN">
<doc>Closes the current browser.</doc>
<status status="PASS" start="2025-11-15T23:21:21.347942" elapsed="0.590741"/>
</kw>
<status status="PASS" start="2025-11-15T23:21:14.213730" elapsed="7.725066"/>
</suite>
<suite id="s1-s2" name="Login" source="/home/iidak/palautusrepositorio/viikko3/login/src/tests/login.robot">
<kw name="Open And Configure Browser" owner="resource" type="SETUP">
<if>
<branch type="IF" condition="$BROWSER == 'chrome'">
<kw name="Evaluate" owner="BuiltIn">
<msg time="2025-11-15T23:21:21.942567" level="INFO">${options} = &lt;selenium.webdriver.chrome.options.Options object at 0x7bd22ab71160&gt;</msg>
<var>${options}</var>
<arg>sys.modules['selenium.webdriver'].ChromeOptions()</arg>
<arg>sys</arg>
<doc>Evaluates the given expression in Python and returns the result.</doc>
<status status="PASS" start="2025-11-15T23:21:21.942342" elapsed="0.000250"/>
</kw>
<kw name="Call Method" owner="BuiltIn">
<arg>${options}</arg>
<arg>add_argument</arg>
<arg>--incognito</arg>
<doc>Calls the named method of the given object with the provided arguments.</doc>
<status status="PASS" start="2025-11-15T23:21:21.942671" elapsed="0.000093"/>
</kw>
<status status="PASS" start="2025-11-15T23:21:21.942162" elapsed="0.000634"/>
</branch>
<branch type="ELSE IF" condition="$BROWSER == 'firefox'">
<kw name="Evaluate" owner="BuiltIn">
<var>${options}</var>
<arg>sys.modules['selenium.webdriver'].FirefoxOptions()</arg>
<arg>sys</arg>
<doc>Evaluates the given expression in Python and returns the result.</doc>
<status status="NOT RUN" start="2025-11-15T23:21:21.942998" elapsed="0.000023"/>
</kw>
<kw name="Call Method" owner="BuiltIn">
<arg>${options}</arg>
<arg>add_argument</arg>
<arg>--private-window</arg>
<doc>Calls the named method of the given object with the provided arguments.</doc>
<status status="NOT RUN" start="2025-11-15T23:21:21.943089" elapsed="0.000018"/>
</kw>
<status status="NOT RUN" start="2025-11-15T23:21:21.942824" elapsed="0.000310"/>
</branch>
<status status="PASS" start="2025-11-15T23:21:21.942137" elapsed="0.001020"/>
</if>
<if>
<branch type="IF" condition="$HEADLESS == 'true'">
<kw name="Set Selenium Speed" owner="SeleniumLibrary">
<arg>0.05 seconds</arg>
<doc>Sets the delay that is waited after each Selenium command.</doc>
<status status="NOT RUN" start="2025-11-15T23:21:21.943319" elapsed="0.000019"/>
</kw>
<kw name="Call Method" owner="BuiltIn">
<arg>${options}</arg>
<arg>add_argument</arg>
<arg>--headless</arg>
<doc>Calls the named method of the given object with the provided arguments.</doc>
<status status="NOT RUN" start="2025-11-15T23:21:21.943394" elapsed="0.000016"/>
</kw>
<status status="NOT RUN" start="2025-11-15T23:21:21.943193" elapsed="0.000242"/>
</branch>
<branch type="ELSE">
<kw name="Set Selenium Speed" owner="SeleniumLibrary">
<arg>${DELAY}</arg>
<doc>Sets the delay that is waited after each Selenium command.</doc>
<status status="PASS" start="2025-11-15T23:21:21.943540" elapsed="0.000166"/>
</kw>
<status status="PASS" start="2025-11-15T23:21:21.943457" elapsed="0.000281"/>
</branch>
<status status="PASS" start="2025-11-15T23:21:21.943183" elapsed="0.000579"/>
</if>
<kw name="Open Browser" owner="SeleniumLibrary">
<msg time="2025-11-15T23:21:21.944002" level="INFO">Opening browser 'chrome' to base url 'None'.</msg>
<arg>browser=${BROWSER}</arg>
<arg>options=${options}</arg>
<doc>Opens a new browser instance to the optional ``url``.</doc>
<status status="PASS" start="2025-11-15T23:21:21.943842" elapsed="0.538361"/>
</kw>
<status status="PASS" start="2025-11-15T23:21:21.942031" elapsed="0.540319"/>
</kw>
<test id="s1-s2-t1" name="Login With Correct Credentials" line="8">
<kw name="Reset Application Create User And Go To Login Page" type="SETUP">
<kw name="Reset Application" owner="AppLibrary">
<status status="PASS" start="2025-11-15T23:21:22.483161" elapsed="0.004610"/>
</kw>
<kw name="Create User" owner="AppLibrary">
<arg>kalle</arg>
<arg>kalle123</arg>
<status status="PASS" start="2025-11-15T23:21:22.488117" elapsed="0.010807"/>
</kw>
<kw name="Go To Login Page" owner="resource">
<kw name="Go To" owner="SeleniumLibrary">
<msg time="2025-11-15T23:21:22.499508" level="INFO">Opening url 'http://localhost:5001/login'</msg>
<arg>${LOGIN_URL}</arg>
<doc>Navigates the current browser window to the provided ``url``.</doc>
<status status="PASS" start="2025-11-15T23:21:22.499392" elapsed="0.557429"/>
</kw>
<status status="PASS" start="2025-11-15T23:21:22.499166" elapsed="0.557828"/>
</kw>
<status status="PASS" start="2025-11-15T23:21:22.482924" elapsed="0.574139"/>
</kw>
<kw name="Set Username">
<kw name="Input Text" owner="SeleniumLibrary">
<msg time="2025-11-15T23:21:23.058016" level="INFO">Typing text 'kalle' into text field 'username'.</msg>
<arg>username</arg>
<arg>${username}</arg>
<doc>Types the given ``text`` into the text field identified by ``locator``.</doc>
<status status="PASS" start="2025-11-15T23:21:23.057728" elapsed="1.634843"/>
</kw>
<arg>kalle</arg>
<status status="PASS" start="2025-11-15T23:21:23.057397" elapsed="1.635358"/>
</kw>
<kw name="Set Password">
<kw name="Input Password" owner="SeleniumLibrary">
<msg time="2025-11-15T23:21:24.693765" level="INFO">Typing password into text field 'password'.</msg>
<msg time="2025-11-15T23:21:25.738376" level="INFO">Temporally setting log level to: NONE</msg>
<arg>password</arg>
<arg>${password}</arg>
<doc>Types the given password into the text field identified by ``locator``.</doc>
<status status="PASS" start="2025-11-15T23:21:24.693476" elapsed="1.597098"/>
</kw>
<arg>kalle123</arg>
<status status="PASS" start="2025-11-15T23:21:24.693101" elapsed="1.597670"/>
</kw>
<kw name="Click Button" owner="SeleniumLibrary">
<msg time="2025-11-15T23:21:26.291317" level="INFO">Clicking button 'Login'.</msg>
<arg>Login</arg>
<doc>Clicks the button identified by ``locator``.</doc>
<status status="PASS" start="2025-11-15T23:21:26.291091" elapsed="2.117163"/>
</kw>
<kw name="Login Should Succeed">
<kw name="Main Page Should Be Open" owner="resource">
<kw name="Title Should Be" owner="SeleniumLibrary">
<msg time="2025-11-15T23:21:28.917120" level="INFO">Page title is 'Ohtu Application main page'.</msg>
<arg>Ohtu Application main page</arg>
<doc>Verifies that the current page title equals ``title``.</doc>
<status status="PASS" start="2025-11-15T23:21:28.409278" elapsed="0.508010"/>
</kw>
<status status="PASS" start="2025-11-15T23:21:28.409083" elapsed="0.508338"/>
</kw>
<status status="PASS" start="2025-11-15T23:21:28.408799" elapsed="0.508696"/>
</kw>
<status status="PASS" start="2025-11-15T23:21:22.482423" elapsed="6.435355"/>
</test>
<test id="s1-s2-t2" name="Login With Incorrect Password" line="14">
<kw name="Reset Application Create User And Go To Login Page" type="SETUP">
<kw name="Reset Application" owner="AppLibrary">
<status status="PASS" start="2025-11-15T23:21:28.918715" elapsed="0.002466"/>
</kw>
<kw name="Create User" owner="AppLibrary">
<arg>kalle</arg>
<arg>kalle123</arg>
<status status="PASS" start="2025-11-15T23:21:28.921362" elapsed="0.004668"/>
</kw>
<kw name="Go To Login Page" owner="resource">
<kw name="Go To" owner="SeleniumLibrary">
<msg time="2025-11-15T23:21:28.926576" level="INFO">Opening url 'http://localhost:5001/login'</msg>
<arg>${LOGIN_URL}</arg>
<doc>Navigates the current browser window to the provided ``url``.</doc>
<status status="PASS" start="2025-11-15T23:21:28.926453" elapsed="0.522574"/>
</kw>
<status status="PASS" start="2025-11-15T23:21:28.926200" elapsed="0.523012"/>
</kw>
<status status="PASS" start="2025-11-15T23:21:28.918511" elapsed="0.530766"/>
</kw>
<kw name="Set Username">
<kw name="Input Text" owner="SeleniumLibrary">
<msg time="2025-11-15T23:21:29.450093" level="INFO">Typing text 'kalle' into text field 'username'.</msg>
<arg>username</arg>
<arg>${username}</arg>
<doc>Types the given ``text`` into the text field identified by ``locator``.</doc>
<status status="PASS" start="2025-11-15T23:21:29.449884" elapsed="1.589087"/>
</kw>
<arg>kalle</arg>
<status status="PASS" start="2025-11-15T23:21:29.449578" elapsed="1.589631"/>
</kw>
<kw name="Set Password">
<kw name="Input Password" owner="SeleniumLibrary">
<msg time="2025-11-15T23:21:31.040347" level="INFO">Typing password into text field 'password'.</msg>
<msg time="2025-11-15T23:21:32.088578" level="INFO">Temporally setting log level to: NONE</msg>
<arg>password</arg>
<arg>${password}</arg>
<doc>Types the given password into the text field identified by ``locator``.</doc>
<status status="PASS" start="2025-11-15T23:21:31.040160" elapsed="1.596764"/>
</kw>
<arg>kalle456</arg>
<status status="PASS" start="2025-11-15T23:21:31.039722" elapsed="1.597371"/>
</kw>
<kw name="Click Button" owner="SeleniumLibrary">
<msg time="2025-11-15T23:21:32.637645" level="INFO">Clicking button 'Login'.</msg>
<arg>Login</arg>
<doc>Clicks the button identified by ``locator``.</doc>
<status status="PASS" start="2025-11-15T23:21:32.637388" elapsed="2.102361"/>
</kw>
<kw name="Login Should Fail With Message">
<kw name="Login Page Should Be Open" owner="resource">
<kw name="Title Should Be" owner="SeleniumLibrary">
<msg time="2025-11-15T23:21:35.248247" level="INFO">Page title is 'Login'.</msg>
<arg>Login</arg>
<doc>Verifies that the current page title equals ``title``.</doc>
<status status="PASS" start="2025-11-15T23:21:34.740740" elapsed="0.507674"/>
</kw>
<status status="PASS" start="2025-11-15T23:21:34.740428" elapsed="0.508220"/>
</kw>
<kw name="Page Should Contain" owner="SeleniumLibrary">
<msg time="2025-11-15T23:21:36.266884" level="INFO">Current page contains text 'Invalid username or password'.</msg>
<arg>${message}</arg>
<doc>Verifies that current page contains ``text``.</doc>
<status status="PASS" start="2025-11-15T23:21:35.248908" elapsed="1.018126"/>
</kw>
<arg>Invalid username or password</arg>
<status status="PASS" start="2025-11-15T23:21:34.740110" elapsed="1.527049"/>
</kw>
<status status="PASS" start="2025-11-15T23:21:28.918140" elapsed="7.349262"/>
</test>
<test id="s1-s2-t3" name="Login With Nonexistent Username" line="20">
<kw name="Reset Application Create User And Go To Login Page" type="SETUP">
<kw name="Reset Application" owner="AppLibrary">
<status status="PASS" start="2025-11-15T23:21:36.268631" elapsed="0.003259"/>
</kw>
<kw name="Create User" owner="AppLibrary">
<arg>kalle</arg>
<arg>kalle123</arg>
<status status="PASS" start="2025-11-15T23:21:36.272142" elapsed="0.004385"/>
</kw>
<kw name="Go To Login Page" owner="resource">
<kw name="Go To" owner="SeleniumLibrary">
<msg time="2025-11-15T23:21:36.277224" level="INFO">Opening url 'http://localhost:5001/login'</msg>
<arg>${LOGIN_URL}</arg>
<doc>Navigates the current browser window to the provided ``url``.</doc>
<status status="PASS" start="2025-11-15T23:21:36.277009" elapsed="0.529570"/>
</kw>
<status status="PASS" start="2025-11-15T23:21:36.276725" elapsed="0.529998"/>
</kw>
<status status="PASS" start="2025-11-15T23:21:36.268308" elapsed="0.538474"/>
</kw>
<kw name="Set Username">
<kw name="Input Text" owner="SeleniumLibrary">
<msg time="2025-11-15T23:21:36.807632" level="INFO">Typing text 'tallaista_kayttajaa_ei_ole_olemassa' into text field 'username'.</msg>
<arg>username</arg>
<arg>${username}</arg>
<doc>Types the given ``text`` into the text field identified by ``locator``.</doc>
<status status="PASS" start="2025-11-15T23:21:36.807405" elapsed="1.605235"/>
</kw>
<arg>tallaista_kayttajaa_ei_ole_olemassa</arg>
<status status="PASS" start="2025-11-15T23:21:36.807065" elapsed="1.605828"/>
</kw>
<kw name="Set Password">
<kw name="Input Password" owner="SeleniumLibrary">
<msg time="2025-11-15T23:21:38.413961" level="INFO">Typing password into text field 'password'.</msg>
<msg time="2025-11-15T23:21:39.457721" level="INFO">Temporally setting log level to: NONE</msg>
<arg>password</arg>
<arg>${password}</arg>
<doc>Types the given password into the text field identified by ``locator``.</doc>
<status status="PASS" start="2025-11-15T23:21:38.413711" elapsed="1.592866"/>
</kw>
<arg>kalle456</arg>
<status status="PASS" start="2025-11-15T23:21:38.413286" elapsed="1.593426"/>
</kw>
<kw name="Click Button" owner="SeleniumLibrary">
<msg time="2025-11-15T23:21:40.007202" level="INFO">Clicking button 'Login'.</msg>
<arg>Login</arg>
<doc>Clicks the button identified by ``locator``.</doc>
<status status="PASS" start="2025-11-15T23:21:40.006955" elapsed="2.098428"/>
</kw>
<kw name="Login Should Fail With Message">
<kw name="Login Page Should Be Open" owner="resource">
<kw name="Title Should Be" owner="SeleniumLibrary">
<msg time="2025-11-15T23:21:42.616036" level="INFO">Page title is 'Login'.</msg>
<arg>Login</arg>
<doc>Verifies that the current page title equals ``title``.</doc>
<status status="PASS" start="2025-11-15T23:21:42.106926" elapsed="0.509301"/>
</kw>
<status status="PASS" start="2025-11-15T23:21:42.106721" elapsed="0.509665"/>
</kw>
<kw name="Page Should Contain" owner="SeleniumLibrary">
<msg time="2025-11-15T23:21:43.629121" level="INFO">Current page contains text 'Invalid username or password'.</msg>
<arg>${message}</arg>
<doc>Verifies that current page contains ``text``.</doc>
<status status="PASS" start="2025-11-15T23:21:42.616697" elapsed="1.012626"/>
</kw>
<arg>Invalid username or password</arg>
<status status="PASS" start="2025-11-15T23:21:42.106279" elapsed="1.523228"/>
</kw>
<status status="PASS" start="2025-11-15T23:21:36.267884" elapsed="7.361969"/>
</test>
<kw name="Close Browser" owner="SeleniumLibrary" type="TEARDOWN">
<doc>Closes the current browser.</doc>
<status status="PASS" start="2025-11-15T23:21:43.630455" elapsed="0.560004"/>
</kw>
<status status="PASS" start="2025-11-15T23:21:21.939684" elapsed="22.250886"/>
</suite>
<status status="PASS" start="2025-11-15T23:21:14.193445" elapsed="29.998237"/>
</suite>
<statistics>
<total>
<stat pass="5" fail="0" skip="0">All Tests</stat>
</total>
<tag>
</tag>
<suite>
<stat name="Tests" id="s1" pass="5" fail="0" skip="0">Tests</stat>
<stat name="Home" id="s1-s1" pass="2" fail="0" skip="0">Tests.Home</stat>
<stat name="Login" id="s1-s2" pass="3" fail="0" skip="0">Tests.Login</stat>
</suite>
</statistics>
<errors>
</errors>
</robot>
